{"/home/carlosefpaiva/Documents/Bootcamp/Projetos/19 - Drivent/drivent_back/src/entities/Accomodation.ts": {"path":"/home/carlosefpaiva/Documents/Bootcamp/Projetos/19 - Drivent/drivent_back/src/entities/Accomodation.ts","statementMap":{"0":{"start":{"line":1,"column":0},"end":{"line":1,"column":77}},"1":{"start":{"line":4,"column":0},"end":{"line":20,"column":null}},"2":{"start":{"line":15,"column":19},"end":{"line":15,"column":36}},"3":{"start":{"line":16,"column":4},"end":{"line":18,"column":7}},"4":{"start":{"line":17,"column":6},"end":{"line":17,"column":35}},"5":{"start":{"line":6,"column":2},"end":{"line":6,"column":null}},"6":{"start":{"line":9,"column":2},"end":{"line":9,"column":null}},"7":{"start":{"line":12,"column":2},"end":{"line":12,"column":null}},"8":{"start":{"line":4,"column":21},"end":{"line":20,"column":null}},"9":{"start":{"line":4,"column":21},"end":{"line":4,"column":34}}},"fnMap":{"0":{"name":"(anonymous_9)","decl":{"start":{"line":14,"column":2},"end":{"line":14,"column":8}},"loc":{"start":{"line":14,"column":35},"end":{"line":19,"column":null}}},"1":{"name":"(anonymous_11)","decl":{"start":{"line":16,"column":22},"end":{"line":16,"column":23}},"loc":{"start":{"line":16,"column":46},"end":{"line":18,"column":5}}}},"branchMap":{},"s":{"0":2,"1":2,"2":0,"3":0,"4":0,"5":2,"6":2,"7":2,"8":2,"9":2},"f":{"0":0,"1":0},"b":{}}
,"/home/carlosefpaiva/Documents/Bootcamp/Projetos/19 - Drivent/drivent_back/src/entities/Session.ts": {"path":"/home/carlosefpaiva/Documents/Bootcamp/Projetos/19 - Drivent/drivent_back/src/entities/Session.ts","statementMap":{"0":{"start":{"line":1,"column":0},"end":{"line":1,"column":77}},"1":{"start":{"line":4,"column":0},"end":{"line":19,"column":null}},"2":{"start":{"line":15,"column":20},"end":{"line":15,"column":50}},"3":{"start":{"line":16,"column":4},"end":{"line":16,"column":25}},"4":{"start":{"line":17,"column":4},"end":{"line":17,"column":19}},"5":{"start":{"line":6,"column":2},"end":{"line":6,"column":null}},"6":{"start":{"line":9,"column":2},"end":{"line":9,"column":null}},"7":{"start":{"line":12,"column":2},"end":{"line":12,"column":null}},"8":{"start":{"line":4,"column":21},"end":{"line":19,"column":null}},"9":{"start":{"line":4,"column":21},"end":{"line":4,"column":29}}},"fnMap":{"0":{"name":"(anonymous_9)","decl":{"start":{"line":14,"column":2},"end":{"line":14,"column":8}},"loc":{"start":{"line":14,"column":54},"end":{"line":18,"column":null}}}},"branchMap":{},"s":{"0":1,"1":1,"2":0,"3":0,"4":0,"5":1,"6":1,"7":1,"8":1,"9":1},"f":{"0":0},"b":{}}
,"/home/carlosefpaiva/Documents/Bootcamp/Projetos/19 - Drivent/drivent_back/src/entities/Setting.ts": {"path":"/home/carlosefpaiva/Documents/Bootcamp/Projetos/19 - Drivent/drivent_back/src/entities/Setting.ts","statementMap":{"0":{"start":{"line":1,"column":0},"end":{"line":1,"column":77}},"1":{"start":{"line":4,"column":0},"end":{"line":28,"column":null}},"2":{"start":{"line":15,"column":21},"end":{"line":15,"column":38}},"3":{"start":{"line":17,"column":21},"end":{"line":18,"column":49}},"4":{"start":{"line":18,"column":6},"end":{"line":18,"column":49}},"5":{"start":{"line":18,"column":27},"end":{"line":18,"column":42}},"6":{"start":{"line":20,"column":4},"end":{"line":26,"column":6}},"7":{"start":{"line":6,"column":2},"end":{"line":6,"column":null}},"8":{"start":{"line":9,"column":2},"end":{"line":9,"column":null}},"9":{"start":{"line":12,"column":2},"end":{"line":12,"column":null}},"10":{"start":{"line":4,"column":21},"end":{"line":28,"column":null}},"11":{"start":{"line":4,"column":21},"end":{"line":4,"column":29}}},"fnMap":{"0":{"name":"(anonymous_9)","decl":{"start":{"line":14,"column":2},"end":{"line":14,"column":8}},"loc":{"start":{"line":14,"column":31},"end":{"line":27,"column":null}}},"1":{"name":"(anonymous_11)","decl":{"start":{"line":17,"column":21},"end":{"line":17,"column":22}},"loc":{"start":{"line":18,"column":6},"end":{"line":18,"column":49}}},"2":{"name":"(anonymous_12)","decl":{"start":{"line":18,"column":20},"end":{"line":18,"column":21}},"loc":{"start":{"line":18,"column":27},"end":{"line":18,"column":42}}}},"branchMap":{},"s":{"0":1,"1":1,"2":0,"3":0,"4":0,"5":0,"6":0,"7":1,"8":1,"9":1,"10":1,"11":1},"f":{"0":0,"1":0,"2":0},"b":{}}
,"/home/carlosefpaiva/Documents/Bootcamp/Projetos/19 - Drivent/drivent_back/src/entities/Status.ts": {"path":"/home/carlosefpaiva/Documents/Bootcamp/Projetos/19 - Drivent/drivent_back/src/entities/Status.ts","statementMap":{"0":{"start":{"line":1,"column":0},"end":{"line":1,"column":77}},"1":{"start":{"line":4,"column":0},"end":{"line":10,"column":null}},"2":{"start":{"line":6,"column":2},"end":{"line":6,"column":null}},"3":{"start":{"line":9,"column":2},"end":{"line":9,"column":null}},"4":{"start":{"line":4,"column":21},"end":{"line":10,"column":null}},"5":{"start":{"line":4,"column":21},"end":{"line":4,"column":28}}},"fnMap":{},"branchMap":{},"s":{"0":1,"1":1,"2":1,"3":1,"4":1,"5":1},"f":{},"b":{}}
,"/home/carlosefpaiva/Documents/Bootcamp/Projetos/19 - Drivent/drivent_back/src/entities/Ticket.ts": {"path":"/home/carlosefpaiva/Documents/Bootcamp/Projetos/19 - Drivent/drivent_back/src/entities/Ticket.ts","statementMap":{"0":{"start":{"line":1,"column":0},"end":{"line":1,"column":77}},"1":{"start":{"line":4,"column":0},"end":{"line":20,"column":null}},"2":{"start":{"line":15,"column":19},"end":{"line":15,"column":36}},"3":{"start":{"line":16,"column":4},"end":{"line":18,"column":7}},"4":{"start":{"line":17,"column":6},"end":{"line":17,"column":35}},"5":{"start":{"line":6,"column":2},"end":{"line":6,"column":null}},"6":{"start":{"line":9,"column":2},"end":{"line":9,"column":null}},"7":{"start":{"line":12,"column":2},"end":{"line":12,"column":null}},"8":{"start":{"line":4,"column":21},"end":{"line":20,"column":null}},"9":{"start":{"line":4,"column":21},"end":{"line":4,"column":28}}},"fnMap":{"0":{"name":"(anonymous_9)","decl":{"start":{"line":14,"column":2},"end":{"line":14,"column":8}},"loc":{"start":{"line":14,"column":29},"end":{"line":19,"column":null}}},"1":{"name":"(anonymous_11)","decl":{"start":{"line":16,"column":22},"end":{"line":16,"column":23}},"loc":{"start":{"line":16,"column":46},"end":{"line":18,"column":5}}}},"branchMap":{},"s":{"0":2,"1":2,"2":0,"3":0,"4":0,"5":2,"6":2,"7":2,"8":2,"9":2},"f":{"0":0,"1":0},"b":{}}
,"/home/carlosefpaiva/Documents/Bootcamp/Projetos/19 - Drivent/drivent_back/src/entities/User.ts": {"path":"/home/carlosefpaiva/Documents/Bootcamp/Projetos/19 - Drivent/drivent_back/src/entities/User.ts","statementMap":{"0":{"start":{"line":1,"column":0},"end":{"line":1,"column":99}},"1":{"start":{"line":2,"column":0},"end":{"line":2,"column":30}},"2":{"start":{"line":3,"column":0},"end":{"line":3,"column":30}},"3":{"start":{"line":4,"column":0},"end":{"line":4,"column":42}},"4":{"start":{"line":6,"column":0},"end":{"line":6,"column":28}},"5":{"start":{"line":7,"column":0},"end":{"line":7,"column":64}},"6":{"start":{"line":10,"column":0},"end":{"line":66,"column":null}},"7":{"start":{"line":36,"column":4},"end":{"line":36,"column":45}},"8":{"start":{"line":37,"column":27},"end":{"line":37,"column":54}},"9":{"start":{"line":39,"column":20},"end":{"line":39,"column":68}},"10":{"start":{"line":40,"column":4},"end":{"line":40,"column":25}},"11":{"start":{"line":42,"column":4},"end":{"line":42,"column":19}},"12":{"start":{"line":46,"column":4},"end":{"line":46,"column":41}},"13":{"start":{"line":50,"column":17},"end":{"line":50,"column":46}},"14":{"start":{"line":52,"column":4},"end":{"line":54,"column":null}},"15":{"start":{"line":53,"column":6},"end":{"line":53,"column":46}},"16":{"start":{"line":58,"column":17},"end":{"line":58,"column":46}},"17":{"start":{"line":60,"column":4},"end":{"line":62,"column":null}},"18":{"start":{"line":61,"column":6},"end":{"line":61,"column":18}},"19":{"start":{"line":64,"column":4},"end":{"line":64,"column":16}},"20":{"start":{"line":12,"column":2},"end":{"line":12,"column":null}},"21":{"start":{"line":15,"column":2},"end":{"line":15,"column":null}},"22":{"start":{"line":18,"column":2},"end":{"line":18,"column":null}},"23":{"start":{"line":21,"column":2},"end":{"line":21,"column":null}},"24":{"start":{"line":20,"column":46},"end":{"line":20,"column":65}},"25":{"start":{"line":25,"column":4},"end":{"line":25,"column":null}},"26":{"start":{"line":23,"column":18},"end":{"line":23,"column":24}},"27":{"start":{"line":29,"column":4},"end":{"line":29,"column":null}},"28":{"start":{"line":27,"column":18},"end":{"line":27,"column":30}},"29":{"start":{"line":33,"column":4},"end":{"line":33,"column":null}},"30":{"start":{"line":31,"column":18},"end":{"line":31,"column":24}},"31":{"start":{"line":10,"column":21},"end":{"line":66,"column":null}},"32":{"start":{"line":10,"column":21},"end":{"line":10,"column":26}}},"fnMap":{"0":{"name":"(anonymous_10)","decl":{"start":{"line":35,"column":2},"end":{"line":35,"column":8}},"loc":{"start":{"line":35,"column":56},"end":{"line":43,"column":null}}},"1":{"name":"(anonymous_12)","decl":{"start":{"line":45,"column":2},"end":{"line":45,"column":8}},"loc":{"start":{"line":45,"column":38},"end":{"line":47,"column":3}}},"2":{"name":"(anonymous_13)","decl":{"start":{"line":49,"column":2},"end":{"line":49,"column":8}},"loc":{"start":{"line":49,"column":51},"end":{"line":55,"column":null}}},"3":{"name":"(anonymous_15)","decl":{"start":{"line":57,"column":2},"end":{"line":57,"column":8}},"loc":{"start":{"line":57,"column":69},"end":{"line":65,"column":null}}},"4":{"name":"(anonymous_17)","decl":{"start":{"line":20,"column":40},"end":{"line":20,"column":43}},"loc":{"start":{"line":20,"column":46},"end":{"line":20,"column":65}}},"5":{"name":"(anonymous_18)","decl":{"start":{"line":23,"column":12},"end":{"line":23,"column":15}},"loc":{"start":{"line":23,"column":18},"end":{"line":23,"column":24}}},"6":{"name":"(anonymous_19)","decl":{"start":{"line":27,"column":12},"end":{"line":27,"column":15}},"loc":{"start":{"line":27,"column":18},"end":{"line":27,"column":30}}},"7":{"name":"(anonymous_20)","decl":{"start":{"line":31,"column":12},"end":{"line":31,"column":15}},"loc":{"start":{"line":31,"column":18},"end":{"line":31,"column":24}}}},"branchMap":{"0":{"loc":{"start":{"line":52,"column":4},"end":{"line":54,"column":null}},"type":"if","locations":[{"start":{"line":52,"column":4},"end":{"line":54,"column":null}},{"start":{"line":52,"column":4},"end":{"line":54,"column":null}}]},"1":{"loc":{"start":{"line":60,"column":4},"end":{"line":62,"column":null}},"type":"if","locations":[{"start":{"line":60,"column":4},"end":{"line":62,"column":null}},{"start":{"line":60,"column":4},"end":{"line":62,"column":null}}]},"2":{"loc":{"start":{"line":60,"column":8},"end":{"line":60,"column":12}},"type":"binary-expr","locations":[{"start":{"line":60,"column":8},"end":{"line":60,"column":12}},{"start":{"line":60,"column":16},"end":{"line":60,"column":59}}]}},"s":{"0":1,"1":1,"2":1,"3":1,"4":1,"5":1,"6":1,"7":0,"8":0,"9":0,"10":0,"11":0,"12":0,"13":0,"14":0,"15":0,"16":0,"17":0,"18":0,"19":0,"20":1,"21":1,"22":1,"23":1,"24":0,"25":1,"26":0,"27":1,"28":0,"29":1,"30":0,"31":1,"32":1},"f":{"0":0,"1":0,"2":0,"3":0,"4":0,"5":0,"6":0,"7":0},"b":{"0":[0,0],"1":[0,0],"2":[0,0]}}
,"/home/carlosefpaiva/Documents/Bootcamp/Projetos/19 - Drivent/drivent_back/src/errors/ConflictError.ts": {"path":"/home/carlosefpaiva/Documents/Bootcamp/Projetos/19 - Drivent/drivent_back/src/errors/ConflictError.ts","statementMap":{"0":{"start":{"line":3,"column":4},"end":{"line":3,"column":19}},"1":{"start":{"line":5,"column":4},"end":{"line":5,"column":32}},"2":{"start":{"line":1,"column":0},"end":{"line":1,"column":21}}},"fnMap":{"0":{"name":"(anonymous_0)","decl":{"start":{"line":2,"column":2},"end":{"line":2,"column":14}},"loc":{"start":{"line":2,"column":29},"end":{"line":6,"column":3}}}},"branchMap":{},"s":{"0":0,"1":0,"2":1},"f":{"0":0},"b":{}}
,"/home/carlosefpaiva/Documents/Bootcamp/Projetos/19 - Drivent/drivent_back/src/errors/EmailNotAvailable.ts": {"path":"/home/carlosefpaiva/Documents/Bootcamp/Projetos/19 - Drivent/drivent_back/src/errors/EmailNotAvailable.ts","statementMap":{"0":{"start":{"line":1,"column":0},"end":{"line":1,"column":51}},"1":{"start":{"line":5,"column":4},"end":{"line":5,"column":61}},"2":{"start":{"line":7,"column":4},"end":{"line":7,"column":41}},"3":{"start":{"line":3,"column":0},"end":{"line":3,"column":21}}},"fnMap":{"0":{"name":"(anonymous_1)","decl":{"start":{"line":4,"column":2},"end":{"line":4,"column":14}},"loc":{"start":{"line":4,"column":27},"end":{"line":8,"column":3}}}},"branchMap":{},"s":{"0":1,"1":0,"2":0,"3":1},"f":{"0":0},"b":{}}
,"/home/carlosefpaiva/Documents/Bootcamp/Projetos/19 - Drivent/drivent_back/src/errors/Unauthorized.ts": {"path":"/home/carlosefpaiva/Documents/Bootcamp/Projetos/19 - Drivent/drivent_back/src/errors/Unauthorized.ts","statementMap":{"0":{"start":{"line":3,"column":4},"end":{"line":3,"column":47}},"1":{"start":{"line":5,"column":4},"end":{"line":5,"column":36}},"2":{"start":{"line":1,"column":0},"end":{"line":1,"column":21}}},"fnMap":{"0":{"name":"(anonymous_0)","decl":{"start":{"line":2,"column":2},"end":{"line":2,"column":null}},"loc":{"start":{"line":2,"column":2},"end":{"line":6,"column":3}}}},"branchMap":{},"s":{"0":1,"1":1,"2":1},"f":{"0":1},"b":{}}
,"/home/carlosefpaiva/Documents/Bootcamp/Projetos/19 - Drivent/drivent_back/src/services/client/auth.ts": {"path":"/home/carlosefpaiva/Documents/Bootcamp/Projetos/19 - Drivent/drivent_back/src/services/client/auth.ts","statementMap":{"0":{"start":{"line":1,"column":0},"end":{"line":1,"column":31}},"1":{"start":{"line":3,"column":0},"end":{"line":3,"column":54}},"2":{"start":{"line":4,"column":0},"end":{"line":4,"column":35}},"3":{"start":{"line":5,"column":0},"end":{"line":5,"column":41}},"4":{"start":{"line":8,"column":15},"end":{"line":8,"column":65}},"5":{"start":{"line":10,"column":2},"end":{"line":12,"column":null}},"6":{"start":{"line":11,"column":4},"end":{"line":11,"column":34}},"7":{"start":{"line":14,"column":16},"end":{"line":16,"column":28}},"8":{"start":{"line":18,"column":2},"end":{"line":18,"column":42}},"9":{"start":{"line":20,"column":2},"end":{"line":30,"column":4}},"10":{"start":{"line":7,"column":0},"end":{"line":7,"column":22}}},"fnMap":{"0":{"name":"signIn","decl":{"start":{"line":7,"column":22},"end":{"line":7,"column":28}},"loc":{"start":{"line":7,"column":60},"end":{"line":31,"column":null}}}},"branchMap":{"0":{"loc":{"start":{"line":10,"column":2},"end":{"line":12,"column":null}},"type":"if","locations":[{"start":{"line":10,"column":2},"end":{"line":12,"column":null}},{"start":{"line":10,"column":2},"end":{"line":12,"column":null}}]}},"s":{"0":1,"1":1,"2":1,"3":1,"4":2,"5":2,"6":1,"7":1,"8":1,"9":1,"10":1},"f":{"0":2},"b":{"0":[1,1]}}
,"/home/carlosefpaiva/Documents/Bootcamp/Projetos/19 - Drivent/drivent_back/src/services/client/event.ts": {"path":"/home/carlosefpaiva/Documents/Bootcamp/Projetos/19 - Drivent/drivent_back/src/services/client/event.ts","statementMap":{"0":{"start":{"line":1,"column":0},"end":{"line":1,"column":51}},"1":{"start":{"line":2,"column":0},"end":{"line":2,"column":41}},"2":{"start":{"line":3,"column":0},"end":{"line":3,"column":39}},"3":{"start":{"line":6,"column":2},"end":{"line":6,"column":42}},"4":{"start":{"line":5,"column":0},"end":{"line":5,"column":22}},"5":{"start":{"line":10,"column":2},"end":{"line":13,"column":4}},"6":{"start":{"line":9,"column":0},"end":{"line":9,"column":22}}},"fnMap":{"0":{"name":"getEventInfo","decl":{"start":{"line":5,"column":22},"end":{"line":5,"column":34}},"loc":{"start":{"line":5,"column":34},"end":{"line":7,"column":null}}},"1":{"name":"getTicketsAndAccomodationsInfo","decl":{"start":{"line":9,"column":22},"end":{"line":9,"column":52}},"loc":{"start":{"line":9,"column":52},"end":{"line":14,"column":null}}}},"branchMap":{},"s":{"0":1,"1":1,"2":1,"3":1,"4":1,"5":1,"6":1},"f":{"0":1,"1":1},"b":{}}
,"/home/carlosefpaiva/Documents/Bootcamp/Projetos/19 - Drivent/drivent_back/tests/protocols/userProtocols.ts": {"path":"/home/carlosefpaiva/Documents/Bootcamp/Projetos/19 - Drivent/drivent_back/tests/protocols/userProtocols.ts","statementMap":{"0":{"start":{"line":11,"column":4},"end":{"line":11,"column":17}},"1":{"start":{"line":12,"column":4},"end":{"line":12,"column":21}},"2":{"start":{"line":16,"column":4},"end":{"line":16,"column":47}},"3":{"start":{"line":20,"column":4},"end":{"line":20,"column":47}},"4":{"start":{"line":24,"column":4},"end":{"line":24,"column":47}},"5":{"start":{"line":28,"column":4},"end":{"line":28,"column":47}},"6":{"start":{"line":32,"column":4},"end":{"line":32,"column":47}},"7":{"start":{"line":36,"column":4},"end":{"line":36,"column":47}},"8":{"start":{"line":50,"column":6},"end":{"line":50,"column":19}},"9":{"start":{"line":51,"column":6},"end":{"line":51,"column":25}},"10":{"start":{"line":52,"column":6},"end":{"line":52,"column":61}},"11":{"start":{"line":56,"column":6},"end":{"line":56,"column":49}},"12":{"start":{"line":60,"column":6},"end":{"line":60,"column":49}},"13":{"start":{"line":64,"column":6},"end":{"line":64,"column":49}},"14":{"start":{"line":68,"column":6},"end":{"line":68,"column":49}},"15":{"start":{"line":72,"column":6},"end":{"line":72,"column":49}},"16":{"start":{"line":76,"column":6},"end":{"line":76,"column":49}},"17":{"start":{"line":40,"column":0},"end":{"line":40,"column":13}}},"fnMap":{"0":{"name":"(anonymous_0)","decl":{"start":{"line":10,"column":2},"end":{"line":10,"column":14}},"loc":{"start":{"line":10,"column":38},"end":{"line":13,"column":3}}},"1":{"name":"(anonymous_1)","decl":{"start":{"line":15,"column":2},"end":{"line":15,"column":7}},"loc":{"start":{"line":15,"column":7},"end":{"line":17,"column":3}}},"2":{"name":"(anonymous_2)","decl":{"start":{"line":19,"column":2},"end":{"line":19,"column":6}},"loc":{"start":{"line":19,"column":6},"end":{"line":21,"column":3}}},"3":{"name":"(anonymous_3)","decl":{"start":{"line":23,"column":2},"end":{"line":23,"column":8}},"loc":{"start":{"line":23,"column":8},"end":{"line":25,"column":3}}},"4":{"name":"(anonymous_4)","decl":{"start":{"line":27,"column":2},"end":{"line":27,"column":12}},"loc":{"start":{"line":27,"column":12},"end":{"line":29,"column":3}}},"5":{"name":"(anonymous_5)","decl":{"start":{"line":31,"column":2},"end":{"line":31,"column":9}},"loc":{"start":{"line":31,"column":9},"end":{"line":33,"column":3}}},"6":{"name":"(anonymous_6)","decl":{"start":{"line":35,"column":2},"end":{"line":35,"column":8}},"loc":{"start":{"line":35,"column":8},"end":{"line":37,"column":3}}},"7":{"name":"(anonymous_7)","decl":{"start":{"line":49,"column":4},"end":{"line":49,"column":16}},"loc":{"start":{"line":49,"column":79},"end":{"line":53,"column":5}}},"8":{"name":"(anonymous_8)","decl":{"start":{"line":55,"column":4},"end":{"line":55,"column":9}},"loc":{"start":{"line":55,"column":9},"end":{"line":57,"column":5}}},"9":{"name":"(anonymous_9)","decl":{"start":{"line":59,"column":4},"end":{"line":59,"column":8}},"loc":{"start":{"line":59,"column":8},"end":{"line":61,"column":5}}},"10":{"name":"(anonymous_10)","decl":{"start":{"line":63,"column":4},"end":{"line":63,"column":10}},"loc":{"start":{"line":63,"column":10},"end":{"line":65,"column":5}}},"11":{"name":"(anonymous_11)","decl":{"start":{"line":67,"column":4},"end":{"line":67,"column":14}},"loc":{"start":{"line":67,"column":14},"end":{"line":69,"column":5}}},"12":{"name":"(anonymous_12)","decl":{"start":{"line":71,"column":4},"end":{"line":71,"column":11}},"loc":{"start":{"line":71,"column":11},"end":{"line":73,"column":5}}},"13":{"name":"(anonymous_13)","decl":{"start":{"line":75,"column":4},"end":{"line":75,"column":10}},"loc":{"start":{"line":75,"column":10},"end":{"line":77,"column":5}}}},"branchMap":{},"s":{"0":1,"1":1,"2":0,"3":0,"4":0,"5":0,"6":0,"7":0,"8":1,"9":1,"10":1,"11":0,"12":0,"13":0,"14":0,"15":0,"16":0,"17":1},"f":{"0":1,"1":0,"2":0,"3":0,"4":0,"5":0,"6":0,"7":1,"8":0,"9":0,"10":0,"11":0,"12":0,"13":0},"b":{}}
}
