TN:
SF:src/entities/Accomodation.ts
FN:14,(anonymous_9)
FN:16,(anonymous_11)
FNF:2
FNH:0
FNDA:0,(anonymous_9)
FNDA:0,(anonymous_11)
DA:1,2
DA:4,2
DA:6,2
DA:9,2
DA:12,2
DA:15,0
DA:16,0
DA:17,0
LF:8
LH:5
BRF:0
BRH:0
end_of_record
TN:
SF:src/entities/Session.ts
FN:14,(anonymous_9)
FNF:1
FNH:0
FNDA:0,(anonymous_9)
DA:1,1
DA:4,1
DA:6,1
DA:9,1
DA:12,1
DA:15,0
DA:16,0
DA:17,0
LF:8
LH:5
BRF:0
BRH:0
end_of_record
TN:
SF:src/entities/Setting.ts
FN:14,(anonymous_9)
FN:17,(anonymous_11)
FN:18,(anonymous_12)
FNF:3
FNH:0
FNDA:0,(anonymous_9)
FNDA:0,(anonymous_11)
FNDA:0,(anonymous_12)
DA:1,1
DA:4,1
DA:6,1
DA:9,1
DA:12,1
DA:15,0
DA:17,0
DA:18,0
DA:20,0
LF:9
LH:5
BRF:0
BRH:0
end_of_record
TN:
SF:src/entities/Status.ts
FNF:0
FNH:0
DA:1,1
DA:4,1
DA:6,1
DA:9,1
LF:4
LH:4
BRF:0
BRH:0
end_of_record
TN:
SF:src/entities/Ticket.ts
FN:14,(anonymous_9)
FN:16,(anonymous_11)
FNF:2
FNH:0
FNDA:0,(anonymous_9)
FNDA:0,(anonymous_11)
DA:1,2
DA:4,2
DA:6,2
DA:9,2
DA:12,2
DA:15,0
DA:16,0
DA:17,0
LF:8
LH:5
BRF:0
BRH:0
end_of_record
TN:
SF:src/entities/User.ts
FN:35,(anonymous_10)
FN:45,(anonymous_12)
FN:49,(anonymous_13)
FN:57,(anonymous_15)
FN:20,(anonymous_17)
FN:23,(anonymous_18)
FN:27,(anonymous_19)
FN:31,(anonymous_20)
FNF:8
FNH:0
FNDA:0,(anonymous_10)
FNDA:0,(anonymous_12)
FNDA:0,(anonymous_13)
FNDA:0,(anonymous_15)
FNDA:0,(anonymous_17)
FNDA:0,(anonymous_18)
FNDA:0,(anonymous_19)
FNDA:0,(anonymous_20)
DA:1,1
DA:2,1
DA:3,1
DA:4,1
DA:6,1
DA:7,1
DA:10,1
DA:12,1
DA:15,1
DA:18,1
DA:20,0
DA:21,1
DA:23,0
DA:25,1
DA:27,0
DA:29,1
DA:31,0
DA:33,1
DA:36,0
DA:37,0
DA:39,0
DA:40,0
DA:42,0
DA:46,0
DA:50,0
DA:52,0
DA:53,0
DA:58,0
DA:60,0
DA:61,0
DA:64,0
LF:31
LH:14
BRDA:52,0,0,0
BRDA:52,0,1,0
BRDA:60,1,0,0
BRDA:60,1,1,0
BRDA:60,2,0,0
BRDA:60,2,1,0
BRF:6
BRH:0
end_of_record
TN:
SF:src/errors/ConflictError.ts
FN:2,(anonymous_0)
FNF:1
FNH:0
FNDA:0,(anonymous_0)
DA:1,1
DA:3,0
DA:5,0
LF:3
LH:1
BRF:0
BRH:0
end_of_record
TN:
SF:src/errors/EmailNotAvailable.ts
FN:4,(anonymous_1)
FNF:1
FNH:0
FNDA:0,(anonymous_1)
DA:1,1
DA:3,1
DA:5,0
DA:7,0
LF:4
LH:2
BRF:0
BRH:0
end_of_record
TN:
SF:src/errors/Unauthorized.ts
FN:2,(anonymous_0)
FNF:1
FNH:1
FNDA:1,(anonymous_0)
DA:1,1
DA:3,1
DA:5,1
LF:3
LH:3
BRF:0
BRH:0
end_of_record
TN:
SF:src/services/client/auth.ts
FN:7,signIn
FNF:1
FNH:1
FNDA:2,signIn
DA:1,1
DA:3,1
DA:4,1
DA:5,1
DA:7,1
DA:8,2
DA:10,2
DA:11,1
DA:14,1
DA:18,1
DA:20,1
LF:11
LH:11
BRDA:10,0,0,1
BRDA:10,0,1,1
BRF:2
BRH:2
end_of_record
TN:
SF:src/services/client/event.ts
FN:5,getEventInfo
FN:9,getTicketsAndAccomodationsInfo
FNF:2
FNH:2
FNDA:1,getEventInfo
FNDA:1,getTicketsAndAccomodationsInfo
DA:1,1
DA:2,1
DA:3,1
DA:5,1
DA:6,1
DA:9,1
DA:10,1
LF:7
LH:7
BRF:0
BRH:0
end_of_record
TN:
SF:tests/protocols/userProtocols.ts
FN:10,(anonymous_0)
FN:15,(anonymous_1)
FN:19,(anonymous_2)
FN:23,(anonymous_3)
FN:27,(anonymous_4)
FN:31,(anonymous_5)
FN:35,(anonymous_6)
FN:49,(anonymous_7)
FN:55,(anonymous_8)
FN:59,(anonymous_9)
FN:63,(anonymous_10)
FN:67,(anonymous_11)
FN:71,(anonymous_12)
FN:75,(anonymous_13)
FNF:14
FNH:2
FNDA:1,(anonymous_0)
FNDA:0,(anonymous_1)
FNDA:0,(anonymous_2)
FNDA:0,(anonymous_3)
FNDA:0,(anonymous_4)
FNDA:0,(anonymous_5)
FNDA:0,(anonymous_6)
FNDA:1,(anonymous_7)
FNDA:0,(anonymous_8)
FNDA:0,(anonymous_9)
FNDA:0,(anonymous_10)
FNDA:0,(anonymous_11)
FNDA:0,(anonymous_12)
FNDA:0,(anonymous_13)
DA:11,1
DA:12,1
DA:16,0
DA:20,0
DA:24,0
DA:28,0
DA:32,0
DA:36,0
DA:40,1
DA:50,1
DA:51,1
DA:52,1
DA:56,0
DA:60,0
DA:64,0
DA:68,0
DA:72,0
DA:76,0
LF:18
LH:6
BRF:0
BRH:0
end_of_record
